2018-09-05 22:30:24,037 [Dummy-1:140490621019904] [django.db.backends:89] [utils:execute] [DEBUG]- (0.000) SET SQL_AUTO_IS_NULL = 0; args=None
2018-09-05 22:30:24,062 [Dummy-1:140490621019904] [django.db.backends:89] [utils:execute] [DEBUG]- (0.000) SET SQL_AUTO_IS_NULL = 0; args=None
2018-09-05 22:30:24,071 [Dummy-1:140490621019904] [django.db.backends:89] [utils:execute] [DEBUG]- (0.009) SHOW FULL TABLES; args=None
2018-09-05 22:30:24,074 [Dummy-1:140490621019904] [django.db.backends:89] [utils:execute] [DEBUG]- (0.000) SELECT `django_migrations`.`app`, `django_migrations`.`name` FROM `django_migrations`; args=()
2018-09-05 22:31:00,671 [Thread-2:140490607277824] [django.db.backends:89] [utils:execute] [DEBUG]- (0.000) SET SQL_AUTO_IS_NULL = 0; args=None
2018-09-05 22:31:00,672 [Thread-2:140490607277824] [django.db.backends:89] [utils:execute] [DEBUG]- (0.000) SELECT COUNT('*') AS `__count` FROM `blog_article`; args=('*',)
2018-09-05 22:31:00,684 [Thread-2:140490607277824] [django.db.backends:89] [utils:execute] [DEBUG]- (0.001) SELECT `blog_article`.`date_publish` FROM `blog_article` ORDER BY `blog_article`.`date_publish` DESC; args=()
2018-09-05 22:31:00,687 [Thread-2:140490607277824] [django.db.backends:89] [utils:execute] [DEBUG]- (0.000) SELECT `blog_comment`.`article_id`, COUNT(`blog_comment`.`article_id`) AS `comment_count` FROM `blog_comment` GROUP BY `blog_comment`.`article_id` ORDER BY `comment_count` DESC LIMIT 6; args=()
2018-09-05 22:31:00,689 [Thread-2:140490607277824] [django.db.backends:89] [utils:execute] [DEBUG]- (0.001) SELECT `blog_article`.`id`, `blog_article`.`title`, `blog_article`.`en_title`, `blog_article`.`desc`, `blog_article`.`content`, `blog_article`.`click_count`, `blog_article`.`is_recommend`, `blog_article`.`date_publish`, `blog_article`.`user_id`, `blog_article`.`category_id` FROM `blog_article` WHERE `blog_article`.`id` = 4; args=(4,)
2018-09-05 22:31:00,691 [Thread-2:140490607277824] [django.db.backends:89] [utils:execute] [DEBUG]- (0.000) SELECT `blog_article`.`id`, `blog_article`.`title`, `blog_article`.`en_title`, `blog_article`.`desc`, `blog_article`.`content`, `blog_article`.`click_count`, `blog_article`.`is_recommend`, `blog_article`.`date_publish`, `blog_article`.`user_id`, `blog_article`.`category_id` FROM `blog_article` WHERE `blog_article`.`id` = 8; args=(8,)
2018-09-05 22:31:00,693 [Thread-2:140490607277824] [django.db.backends:89] [utils:execute] [DEBUG]- (0.001) SELECT `blog_article`.`id`, `blog_article`.`title`, `blog_article`.`en_title`, `blog_article`.`desc`, `blog_article`.`content`, `blog_article`.`click_count`, `blog_article`.`is_recommend`, `blog_article`.`date_publish`, `blog_article`.`user_id`, `blog_article`.`category_id` FROM `blog_article` WHERE `blog_article`.`id` = 1; args=(1,)
2018-09-05 22:31:00,702 [Thread-2:140490607277824] [django.db.backends:89] [utils:execute] [DEBUG]- (0.000) SELECT `blog_category`.`id`, `blog_category`.`name`, `blog_category`.`ename`, `blog_category`.`index` FROM `blog_category` ORDER BY `blog_category`.`index` ASC, `blog_category`.`id` ASC LIMIT 6; args=()
2018-09-05 22:31:00,708 [Thread-2:140490607277824] [django.db.backends:89] [utils:execute] [DEBUG]- (0.001) SELECT `blog_article`.`id`, `blog_article`.`title`, `blog_article`.`en_title`, `blog_article`.`desc`, `blog_article`.`content`, `blog_article`.`click_count`, `blog_article`.`is_recommend`, `blog_article`.`date_publish`, `blog_article`.`user_id`, `blog_article`.`category_id` FROM `blog_article` ORDER BY `blog_article`.`date_publish` DESC LIMIT 9; args=()
2018-09-05 22:31:00,710 [Thread-2:140490607277824] [django.db.backends:89] [utils:execute] [DEBUG]- (0.000) SELECT `blog_tag`.`id`, `blog_tag`.`name` FROM `blog_tag` INNER JOIN `blog_article_tag` ON ( `blog_tag`.`id` = `blog_article_tag`.`tag_id` ) WHERE `blog_article_tag`.`article_id` = 1; args=(1,)
2018-09-05 22:31:00,713 [Thread-2:140490607277824] [django.db.backends:89] [utils:execute] [DEBUG]- (0.000) SELECT COUNT('*') AS `__count` FROM `blog_comment` WHERE `blog_comment`.`article_id` = 1; args=('*', 1)
2018-09-05 22:31:00,715 [Thread-2:140490607277824] [django.db.backends:89] [utils:execute] [DEBUG]- (0.001) SELECT `blog_tag`.`id`, `blog_tag`.`name` FROM `blog_tag` INNER JOIN `blog_article_tag` ON ( `blog_tag`.`id` = `blog_article_tag`.`tag_id` ) WHERE `blog_article_tag`.`article_id` = 9; args=(9,)
2018-09-05 22:31:00,718 [Thread-2:140490607277824] [django.db.backends:89] [utils:execute] [DEBUG]- (0.000) SELECT COUNT('*') AS `__count` FROM `blog_comment` WHERE `blog_comment`.`article_id` = 9; args=('*', 9)
2018-09-05 22:31:00,720 [Thread-2:140490607277824] [django.db.backends:89] [utils:execute] [DEBUG]- (0.000) SELECT `blog_tag`.`id`, `blog_tag`.`name` FROM `blog_tag` INNER JOIN `blog_article_tag` ON ( `blog_tag`.`id` = `blog_article_tag`.`tag_id` ) WHERE `blog_article_tag`.`article_id` = 8; args=(8,)
2018-09-05 22:31:00,723 [Thread-2:140490607277824] [django.db.backends:89] [utils:execute] [DEBUG]- (0.000) SELECT COUNT('*') AS `__count` FROM `blog_comment` WHERE `blog_comment`.`article_id` = 8; args=('*', 8)
2018-09-05 22:31:00,726 [Thread-2:140490607277824] [django.db.backends:89] [utils:execute] [DEBUG]- (0.001) SELECT `blog_tag`.`id`, `blog_tag`.`name` FROM `blog_tag` INNER JOIN `blog_article_tag` ON ( `blog_tag`.`id` = `blog_article_tag`.`tag_id` ) WHERE `blog_article_tag`.`article_id` = 7; args=(7,)
2018-09-05 22:31:00,728 [Thread-2:140490607277824] [django.db.backends:89] [utils:execute] [DEBUG]- (0.000) SELECT COUNT('*') AS `__count` FROM `blog_comment` WHERE `blog_comment`.`article_id` = 7; args=('*', 7)
2018-09-05 22:31:00,730 [Thread-2:140490607277824] [django.db.backends:89] [utils:execute] [DEBUG]- (0.000) SELECT `blog_tag`.`id`, `blog_tag`.`name` FROM `blog_tag` INNER JOIN `blog_article_tag` ON ( `blog_tag`.`id` = `blog_article_tag`.`tag_id` ) WHERE `blog_article_tag`.`article_id` = 6; args=(6,)
2018-09-05 22:31:00,733 [Thread-2:140490607277824] [django.db.backends:89] [utils:execute] [DEBUG]- (0.000) SELECT COUNT('*') AS `__count` FROM `blog_comment` WHERE `blog_comment`.`article_id` = 6; args=('*', 6)
2018-09-05 22:31:00,735 [Thread-2:140490607277824] [django.db.backends:89] [utils:execute] [DEBUG]- (0.000) SELECT `blog_tag`.`id`, `blog_tag`.`name` FROM `blog_tag` INNER JOIN `blog_article_tag` ON ( `blog_tag`.`id` = `blog_article_tag`.`tag_id` ) WHERE `blog_article_tag`.`article_id` = 5; args=(5,)
2018-09-05 22:31:00,738 [Thread-2:140490607277824] [django.db.backends:89] [utils:execute] [DEBUG]- (0.000) SELECT COUNT('*') AS `__count` FROM `blog_comment` WHERE `blog_comment`.`article_id` = 5; args=('*', 5)
2018-09-05 22:31:00,740 [Thread-2:140490607277824] [django.db.backends:89] [utils:execute] [DEBUG]- (0.000) SELECT `blog_tag`.`id`, `blog_tag`.`name` FROM `blog_tag` INNER JOIN `blog_article_tag` ON ( `blog_tag`.`id` = `blog_article_tag`.`tag_id` ) WHERE `blog_article_tag`.`article_id` = 4; args=(4,)
2018-09-05 22:31:00,743 [Thread-2:140490607277824] [django.db.backends:89] [utils:execute] [DEBUG]- (0.000) SELECT COUNT('*') AS `__count` FROM `blog_comment` WHERE `blog_comment`.`article_id` = 4; args=('*', 4)
2018-09-05 22:31:00,745 [Thread-2:140490607277824] [django.db.backends:89] [utils:execute] [DEBUG]- (0.000) SELECT `blog_tag`.`id`, `blog_tag`.`name` FROM `blog_tag` INNER JOIN `blog_article_tag` ON ( `blog_tag`.`id` = `blog_article_tag`.`tag_id` ) WHERE `blog_article_tag`.`article_id` = 3; args=(3,)
2018-09-05 22:31:00,748 [Thread-2:140490607277824] [django.db.backends:89] [utils:execute] [DEBUG]- (0.000) SELECT COUNT('*') AS `__count` FROM `blog_comment` WHERE `blog_comment`.`article_id` = 3; args=('*', 3)
2018-09-05 22:31:00,750 [Thread-2:140490607277824] [django.db.backends:89] [utils:execute] [DEBUG]- (0.001) SELECT `blog_tag`.`id`, `blog_tag`.`name` FROM `blog_tag` INNER JOIN `blog_article_tag` ON ( `blog_tag`.`id` = `blog_article_tag`.`tag_id` ) WHERE `blog_article_tag`.`article_id` = 2; args=(2,)
2018-09-05 22:31:00,752 [Thread-2:140490607277824] [django.db.backends:89] [utils:execute] [DEBUG]- (0.000) SELECT COUNT('*') AS `__count` FROM `blog_comment` WHERE `blog_comment`.`article_id` = 2; args=('*', 2)
2018-09-05 22:31:00,757 [Thread-2:140490607277824] [django.db.backends:89] [utils:execute] [DEBUG]- (0.001) SELECT `blog_article`.`id`, `blog_article`.`title`, `blog_article`.`en_title`, `blog_article`.`desc`, `blog_article`.`content`, `blog_article`.`click_count`, `blog_article`.`is_recommend`, `blog_article`.`date_publish`, `blog_article`.`user_id`, `blog_article`.`category_id` FROM `blog_article` ORDER BY `blog_article`.`click_count` DESC LIMIT 6; args=()
2018-09-05 22:31:00,762 [Thread-2:140490607277824] [django.db.backends:89] [utils:execute] [DEBUG]- (0.001) SELECT `blog_article`.`id`, `blog_article`.`title`, `blog_article`.`en_title`, `blog_article`.`desc`, `blog_article`.`content`, `blog_article`.`click_count`, `blog_article`.`is_recommend`, `blog_article`.`date_publish`, `blog_article`.`user_id`, `blog_article`.`category_id` FROM `blog_article` WHERE `blog_article`.`is_recommend` = 1 ORDER BY `blog_article`.`date_publish` DESC LIMIT 6; args=(True,)
2018-09-05 22:31:00,764 [Thread-2:140490607277824] [django.db.backends:89] [utils:execute] [DEBUG]- (0.000) SELECT `blog_tag`.`id`, `blog_tag`.`name` FROM `blog_tag` ORDER BY `blog_tag`.`id` ASC; args=()
2018-09-05 22:31:00,769 [Thread-2:140490607277824] [django.db.backends:89] [utils:execute] [DEBUG]- (0.001) SELECT `blog_links`.`id`, `blog_links`.`title`, `blog_links`.`description`, `blog_links`.`callback_url`, `blog_links`.`date_publish`, `blog_links`.`index` FROM `blog_links` ORDER BY `blog_links`.`index` DESC; args=()
